This is pdfTeX, Version 3.14159265-2.6-1.40.21 (TeX Live 2020/Arch Linux) (preloaded format=pdflatex 2020.12.22)  22 DEC 2020 16:50
entering extended mode
 restricted \write18 enabled.
 %&-line parsing enabled.
**RICH-NIM-paper.tex
(/home/kenjo/Downloads/RICH-NIM-paper/RICH-NIM-paper.tex
LaTeX2e <2020-10-01> patch level 2
L3 programming layer <2020-12-03> xparse <2020-03-03>
(/home/kenjo/Downloads/RICH-NIM-paper/elsarticle.cls
Document Class: elsarticle 2019/02/25, 3.2: Elsevier Ltd
\@bls=\dimen138
(/usr/share/texmf-dist/tex/latex/base/article.cls
Document Class: article 2020/04/10 v1.4m Standard LaTeX document class
(/usr/share/texmf-dist/tex/latex/base/size10.clo
File: size10.clo 2020/04/10 v1.4m Standard LaTeX file (size option)
)
\c@part=\count177
\c@section=\count178
\c@subsection=\count179
\c@subsubsection=\count180
\c@paragraph=\count181
\c@subparagraph=\count182
\c@figure=\count183
\c@table=\count184
\abovecaptionskip=\skip47
\belowcaptionskip=\skip48
\bibindent=\dimen139
)
(/usr/share/texmf-dist/tex/latex/graphics/graphicx.sty
Package: graphicx 2020/09/09 v1.2b Enhanced LaTeX Graphics (DPC,SPQR)

(/usr/share/texmf-dist/tex/latex/graphics/keyval.sty
Package: keyval 2014/10/28 v1.15 key=value parser (DPC)
\KV@toks@=\toks15
)
(/usr/share/texmf-dist/tex/latex/graphics/graphics.sty
Package: graphics 2020/08/30 v1.4c Standard LaTeX Graphics (DPC,SPQR)

(/usr/share/texmf-dist/tex/latex/graphics/trig.sty
Package: trig 2016/01/03 v1.10 sin cos tan (DPC)
)
(/usr/share/texmf-dist/tex/latex/graphics-cfg/graphics.cfg
File: graphics.cfg 2016/06/04 v1.11 sample graphics configuration
)
Package graphics Info: Driver file: pdftex.def on input line 105.

(/usr/share/texmf-dist/tex/latex/graphics-def/pdftex.def
File: pdftex.def 2020/10/05 v1.2a Graphics/color driver for pdftex
))
\Gin@req@height=\dimen140
\Gin@req@width=\dimen141
)
\c@tnote=\count185
\c@fnote=\count186
\c@cnote=\count187
\c@ead=\count188
\c@author=\count189
\@eadauthor=\toks16
\c@affn=\count190
\absbox=\box47
\elsarticlehighlightsbox=\box48
\elsarticlegrabsbox=\box49
\keybox=\box50
\Columnwidth=\dimen142
\space@left=\dimen143
\els@boxa=\box51
\els@boxb=\box52
\leftMargin=\dimen144
\@enLab=\toks17
\@sep=\skip49
\@@sep=\skip50

(./RICH-NIM-paper.spl) (/usr/share/texmf-dist/tex/latex/natbib/natbib.sty
Package: natbib 2010/09/13 8.31b (PWD, AO)
\bibhang=\skip51
\bibsep=\skip52
LaTeX Info: Redefining \cite on input line 694.
\c@NAT@ctr=\count191
)
\splwrite=\write3

(/usr/share/texmf-dist/tex/latex/geometry/geometry.sty
Package: geometry 2020/01/02 v5.9 Page Geometry

(/usr/share/texmf-dist/tex/generic/iftex/ifvtex.sty
Package: ifvtex 2019/10/25 v1.7 ifvtex legacy package. Use iftex instead.

(/usr/share/texmf-dist/tex/generic/iftex/iftex.sty
Package: iftex 2020/03/06 v1.0d TeX engine tests
))
\Gm@cnth=\count192
\Gm@cntv=\count193
\c@Gm@tempcnt=\count194
\Gm@bindingoffset=\dimen145
\Gm@wd@mp=\dimen146
\Gm@odd@mp=\dimen147
\Gm@even@mp=\dimen148
\Gm@layoutwidth=\dimen149
\Gm@layoutheight=\dimen150
\Gm@layouthoffset=\dimen151
\Gm@layoutvoffset=\dimen152
\Gm@dimlist=\toks18
)
(/usr/share/texmf-dist/tex/latex/base/fleqn.clo
File: fleqn.clo 2016/12/29 v1.2b Standard LaTeX option (flush left equations)
\mathindent=\skip53
Applying: [2015/01/01] Make \[ robust on input line 50.
LaTeX Info: Redefining \[ on input line 51.
Already applied: [0000/00/00] Make \[ robust on input line 62.
Applying: [2015/01/01] Make \] robust on input line 74.
LaTeX Info: Redefining \] on input line 75.
Already applied: [0000/00/00] Make \] robust on input line 83.
)
\appnamewidth=\dimen153
)
(/usr/share/texmf-dist/tex/latex/txfonts/txfonts.sty
Package: txfonts 2008/01/22 v3.2.1
LaTeX Font Info:    Redeclaring symbol font `operators' on input line 21.
LaTeX Font Info:    Overwriting symbol font `operators' in version `normal'
(Font)                  OT1/cmr/m/n --> OT1/txr/m/n on input line 21.
LaTeX Font Info:    Overwriting symbol font `operators' in version `bold'
(Font)                  OT1/cmr/bx/n --> OT1/txr/m/n on input line 21.
LaTeX Font Info:    Overwriting symbol font `operators' in version `bold'
(Font)                  OT1/txr/m/n --> OT1/txr/bx/n on input line 22.
\symitalic=\mathgroup4
LaTeX Font Info:    Overwriting symbol font `italic' in version `bold'
(Font)                  OT1/txr/m/it --> OT1/txr/bx/it on input line 26.
LaTeX Font Info:    Redeclaring math alphabet \mathbf on input line 29.
LaTeX Font Info:    Overwriting math alphabet `\mathbf' in version `normal'
(Font)                  OT1/cmr/bx/n --> OT1/txr/bx/n on input line 29.
LaTeX Font Info:    Overwriting math alphabet `\mathbf' in version `bold'
(Font)                  OT1/cmr/bx/n --> OT1/txr/bx/n on input line 29.
LaTeX Font Info:    Redeclaring math alphabet \mathit on input line 30.
LaTeX Font Info:    Overwriting math alphabet `\mathit' in version `normal'
(Font)                  OT1/cmr/m/it --> OT1/txr/m/it on input line 30.
LaTeX Font Info:    Overwriting math alphabet `\mathit' in version `bold'
(Font)                  OT1/cmr/bx/it --> OT1/txr/m/it on input line 30.
LaTeX Font Info:    Overwriting math alphabet `\mathit' in version `bold'
(Font)                  OT1/txr/m/it --> OT1/txr/bx/it on input line 31.
LaTeX Font Info:    Redeclaring math alphabet \mathsf on input line 40.
LaTeX Font Info:    Overwriting math alphabet `\mathsf' in version `normal'
(Font)                  OT1/cmss/m/n --> OT1/txss/m/n on input line 40.
LaTeX Font Info:    Overwriting math alphabet `\mathsf' in version `bold'
(Font)                  OT1/cmss/bx/n --> OT1/txss/m/n on input line 40.
LaTeX Font Info:    Overwriting math alphabet `\mathsf' in version `bold'
(Font)                  OT1/txss/m/n --> OT1/txss/b/n on input line 41.
LaTeX Font Info:    Redeclaring math alphabet \mathtt on input line 50.
LaTeX Font Info:    Overwriting math alphabet `\mathtt' in version `normal'
(Font)                  OT1/cmtt/m/n --> OT1/txtt/m/n on input line 50.
LaTeX Font Info:    Overwriting math alphabet `\mathtt' in version `bold'
(Font)                  OT1/cmtt/m/n --> OT1/txtt/m/n on input line 50.
LaTeX Font Info:    Overwriting math alphabet `\mathtt' in version `bold'
(Font)                  OT1/txtt/m/n --> OT1/txtt/b/n on input line 51.
LaTeX Font Info:    Redeclaring symbol font `letters' on input line 58.
LaTeX Font Info:    Overwriting symbol font `letters' in version `normal'
(Font)                  OML/cmm/m/it --> OML/txmi/m/it on input line 58.
LaTeX Font Info:    Overwriting symbol font `letters' in version `bold'
(Font)                  OML/cmm/b/it --> OML/txmi/m/it on input line 58.
LaTeX Font Info:    Overwriting symbol font `letters' in version `bold'
(Font)                  OML/txmi/m/it --> OML/txmi/bx/it on input line 59.
\symlettersA=\mathgroup5
LaTeX Font Info:    Overwriting symbol font `lettersA' in version `bold'
(Font)                  U/txmia/m/it --> U/txmia/bx/it on input line 67.
LaTeX Font Info:    Redeclaring symbol font `symbols' on input line 77.
LaTeX Font Info:    Overwriting symbol font `symbols' in version `normal'
(Font)                  OMS/cmsy/m/n --> OMS/txsy/m/n on input line 77.
LaTeX Font Info:    Overwriting symbol font `symbols' in version `bold'
(Font)                  OMS/cmsy/b/n --> OMS/txsy/m/n on input line 77.
LaTeX Font Info:    Overwriting symbol font `symbols' in version `bold'
(Font)                  OMS/txsy/m/n --> OMS/txsy/bx/n on input line 78.
\symAMSa=\mathgroup6
LaTeX Font Info:    Overwriting symbol font `AMSa' in version `bold'
(Font)                  U/txsya/m/n --> U/txsya/bx/n on input line 94.
\symAMSb=\mathgroup7
LaTeX Font Info:    Overwriting symbol font `AMSb' in version `bold'
(Font)                  U/txsyb/m/n --> U/txsyb/bx/n on input line 103.
\symsymbolsC=\mathgroup8
LaTeX Font Info:    Overwriting symbol font `symbolsC' in version `bold'
(Font)                  U/txsyc/m/n --> U/txsyc/bx/n on input line 113.
LaTeX Font Info:    Redeclaring symbol font `largesymbols' on input line 120.
LaTeX Font Info:    Overwriting symbol font `largesymbols' in version `normal'
(Font)                  OMX/cmex/m/n --> OMX/txex/m/n on input line 120.
LaTeX Font Info:    Overwriting symbol font `largesymbols' in version `bold'
(Font)                  OMX/cmex/m/n --> OMX/txex/m/n on input line 120.
LaTeX Font Info:    Overwriting symbol font `largesymbols' in version `bold'
(Font)                  OMX/txex/m/n --> OMX/txex/bx/n on input line 121.
\symlargesymbolsA=\mathgroup9
LaTeX Font Info:    Overwriting symbol font `largesymbolsA' in version `bold'
(Font)                  U/txexa/m/n --> U/txexa/bx/n on input line 129.
LaTeX Font Info:    Redeclaring math symbol \mathsterling on input line 164.
LaTeX Font Info:    Redeclaring math symbol \hbar on input line 591.
LaTeX Info: Redefining \not on input line 1043.
)
(/usr/share/texmf-dist/tex/latex/amsmath/amsmath.sty
Package: amsmath 2020/09/23 v2.17i AMS math features
\@mathmargin=\skip54

For additional information on amsmath, use the `?' option.
(/usr/share/texmf-dist/tex/latex/amsmath/amstext.sty
Package: amstext 2000/06/29 v2.01 AMS text

(/usr/share/texmf-dist/tex/latex/amsmath/amsgen.sty
File: amsgen.sty 1999/11/30 v2.0 generic functions
\@emptytoks=\toks19
\ex@=\dimen154
))
(/usr/share/texmf-dist/tex/latex/amsmath/amsbsy.sty
Package: amsbsy 1999/11/29 v1.2d Bold Symbols
\pmbraise@=\dimen155
)
(/usr/share/texmf-dist/tex/latex/amsmath/amsopn.sty
Package: amsopn 2016/03/08 v2.02 operator names
)
\inf@bad=\count195
LaTeX Info: Redefining \frac on input line 234.
\uproot@=\count196
\leftroot@=\count197
LaTeX Info: Redefining \overline on input line 399.
\classnum@=\count198
\DOTSCASE@=\count199
LaTeX Info: Redefining \ldots on input line 496.
LaTeX Info: Redefining \dots on input line 499.
LaTeX Info: Redefining \cdots on input line 620.
\Mathstrutbox@=\box53
\strutbox@=\box54
\big@size=\dimen156
LaTeX Font Info:    Redeclaring font encoding OML on input line 743.
LaTeX Font Info:    Redeclaring font encoding OMS on input line 744.
\macc@depth=\count266
\c@MaxMatrixCols=\count267
\dotsspace@=\muskip16
\c@parentequation=\count268
\dspbrk@lvl=\count269
\tag@help=\toks20
\row@=\count270
\column@=\count271
\maxfields@=\count272
\andhelp@=\toks21
\eqnshift@=\dimen157
\alignsep@=\dimen158
\tagshift@=\dimen159
\tagwidth@=\dimen160
\totwidth@=\dimen161
\lineht@=\dimen162
\@envbody=\toks22
\multlinegap=\skip55
\multlinetaggap=\skip56
\mathdisplay@stack=\toks23
LaTeX Info: Redefining \[ on input line 2923.
LaTeX Info: Redefining \] on input line 2924.
)
(/usr/share/texmf-dist/tex/latex/amsfonts/amssymb.sty
Package: amssymb 2013/01/14 v3.01 AMS font symbols

(/usr/share/texmf-dist/tex/latex/amsfonts/amsfonts.sty
Package: amsfonts 2013/01/14 v3.01 Basic AMSFonts support
LaTeX Font Info:    Redeclaring symbol font `AMSa' on input line 59.
LaTeX Font Info:    Overwriting symbol font `AMSa' in version `normal'
(Font)                  U/txsya/m/n --> U/msa/m/n on input line 59.
LaTeX Font Info:    Overwriting symbol font `AMSa' in version `bold'
(Font)                  U/txsya/bx/n --> U/msa/m/n on input line 59.
LaTeX Font Info:    Redeclaring symbol font `AMSb' on input line 60.
LaTeX Font Info:    Overwriting symbol font `AMSb' in version `normal'
(Font)                  U/txsyb/m/n --> U/msb/m/n on input line 60.
LaTeX Font Info:    Overwriting symbol font `AMSb' in version `bold'
(Font)                  U/txsyb/bx/n --> U/msb/m/n on input line 60.
LaTeX Font Info:    Redeclaring math delimiter \ulcorner on input line 74.
LaTeX Font Info:    Redeclaring math delimiter \urcorner on input line 75.
LaTeX Font Info:    Redeclaring math delimiter \llcorner on input line 76.
LaTeX Font Info:    Redeclaring math delimiter \lrcorner on input line 77.
LaTeX Font Info:    Redeclaring math symbol \square on input line 141.
LaTeX Font Info:    Redeclaring math symbol \lozenge on input line 142.
)
LaTeX Font Info:    Redeclaring math symbol \boxdot on input line 44.
LaTeX Font Info:    Redeclaring math symbol \boxplus on input line 45.
LaTeX Font Info:    Redeclaring math symbol \boxtimes on input line 46.
LaTeX Font Info:    Redeclaring math symbol \blacksquare on input line 48.
LaTeX Font Info:    Redeclaring math symbol \centerdot on input line 49.
LaTeX Font Info:    Redeclaring math symbol \blacklozenge on input line 51.
LaTeX Font Info:    Redeclaring math symbol \circlearrowright on input line 52.

LaTeX Font Info:    Redeclaring math symbol \circlearrowleft on input line 53.
LaTeX Font Info:    Redeclaring math symbol \leftrightharpoons on input line 56
.
LaTeX Font Info:    Redeclaring math symbol \boxminus on input line 57.
LaTeX Font Info:    Redeclaring math symbol \Vdash on input line 58.
LaTeX Font Info:    Redeclaring math symbol \Vvdash on input line 59.
LaTeX Font Info:    Redeclaring math symbol \vDash on input line 60.
LaTeX Font Info:    Redeclaring math symbol \twoheadrightarrow on input line 61
.
LaTeX Font Info:    Redeclaring math symbol \twoheadleftarrow on input line 62.

LaTeX Font Info:    Redeclaring math symbol \leftleftarrows on input line 63.
LaTeX Font Info:    Redeclaring math symbol \rightrightarrows on input line 64.

LaTeX Font Info:    Redeclaring math symbol \upuparrows on input line 65.
LaTeX Font Info:    Redeclaring math symbol \downdownarrows on input line 66.
LaTeX Font Info:    Redeclaring math symbol \upharpoonright on input line 67.
LaTeX Font Info:    Redeclaring math symbol \downharpoonright on input line 69.

LaTeX Font Info:    Redeclaring math symbol \upharpoonleft on input line 70.
LaTeX Font Info:    Redeclaring math symbol \downharpoonleft on input line 71.
LaTeX Font Info:    Redeclaring math symbol \rightarrowtail on input line 72.
LaTeX Font Info:    Redeclaring math symbol \leftarrowtail on input line 73.
LaTeX Font Info:    Redeclaring math symbol \leftrightarrows on input line 74.
LaTeX Font Info:    Redeclaring math symbol \rightleftarrows on input line 75.
LaTeX Font Info:    Redeclaring math symbol \Lsh on input line 76.
LaTeX Font Info:    Redeclaring math symbol \Rsh on input line 77.
LaTeX Font Info:    Redeclaring math symbol \leftrightsquigarrow on input line 
79.
LaTeX Font Info:    Redeclaring math symbol \looparrowleft on input line 80.
LaTeX Font Info:    Redeclaring math symbol \looparrowright on input line 81.
LaTeX Font Info:    Redeclaring math symbol \circeq on input line 82.
LaTeX Font Info:    Redeclaring math symbol \succsim on input line 83.
LaTeX Font Info:    Redeclaring math symbol \gtrsim on input line 84.
LaTeX Font Info:    Redeclaring math symbol \gtrapprox on input line 85.
LaTeX Font Info:    Redeclaring math symbol \multimap on input line 86.
LaTeX Font Info:    Redeclaring math symbol \therefore on input line 87.
LaTeX Font Info:    Redeclaring math symbol \because on input line 88.
LaTeX Font Info:    Redeclaring math symbol \doteqdot on input line 89.
LaTeX Font Info:    Redeclaring math symbol \triangleq on input line 91.
LaTeX Font Info:    Redeclaring math symbol \precsim on input line 92.
LaTeX Font Info:    Redeclaring math symbol \lesssim on input line 93.
LaTeX Font Info:    Redeclaring math symbol \lessapprox on input line 94.
LaTeX Font Info:    Redeclaring math symbol \eqslantless on input line 95.
LaTeX Font Info:    Redeclaring math symbol \eqslantgtr on input line 96.
LaTeX Font Info:    Redeclaring math symbol \curlyeqprec on input line 97.
LaTeX Font Info:    Redeclaring math symbol \curlyeqsucc on input line 98.
LaTeX Font Info:    Redeclaring math symbol \preccurlyeq on input line 99.
LaTeX Font Info:    Redeclaring math symbol \leqq on input line 100.
LaTeX Font Info:    Redeclaring math symbol \leqslant on input line 101.
LaTeX Font Info:    Redeclaring math symbol \lessgtr on input line 102.
LaTeX Font Info:    Redeclaring math symbol \backprime on input line 103.
LaTeX Font Info:    Redeclaring math symbol \risingdotseq on input line 104.
LaTeX Font Info:    Redeclaring math symbol \fallingdotseq on input line 105.
LaTeX Font Info:    Redeclaring math symbol \succcurlyeq on input line 106.
LaTeX Font Info:    Redeclaring math symbol \geqq on input line 107.
LaTeX Font Info:    Redeclaring math symbol \geqslant on input line 108.
LaTeX Font Info:    Redeclaring math symbol \gtrless on input line 109.
LaTeX Font Info:    Redeclaring math symbol \bigstar on input line 117.
LaTeX Font Info:    Redeclaring math symbol \between on input line 118.
LaTeX Font Info:    Redeclaring math symbol \blacktriangledown on input line 11
9.
LaTeX Font Info:    Redeclaring math symbol \blacktriangleright on input line 1
20.
LaTeX Font Info:    Redeclaring math symbol \blacktriangleleft on input line 12
1.
LaTeX Font Info:    Redeclaring math symbol \vartriangle on input line 122.
LaTeX Font Info:    Redeclaring math symbol \blacktriangle on input line 123.
LaTeX Font Info:    Redeclaring math symbol \triangledown on input line 124.
LaTeX Font Info:    Redeclaring math symbol \eqcirc on input line 125.
LaTeX Font Info:    Redeclaring math symbol \lesseqgtr on input line 126.
LaTeX Font Info:    Redeclaring math symbol \gtreqless on input line 127.
LaTeX Font Info:    Redeclaring math symbol \lesseqqgtr on input line 128.
LaTeX Font Info:    Redeclaring math symbol \gtreqqless on input line 129.
LaTeX Font Info:    Redeclaring math symbol \Rrightarrow on input line 130.
LaTeX Font Info:    Redeclaring math symbol \Lleftarrow on input line 131.
LaTeX Font Info:    Redeclaring math symbol \veebar on input line 132.
LaTeX Font Info:    Redeclaring math symbol \barwedge on input line 133.
LaTeX Font Info:    Redeclaring math symbol \doublebarwedge on input line 134.
LaTeX Font Info:    Redeclaring math symbol \measuredangle on input line 137.
LaTeX Font Info:    Redeclaring math symbol \sphericalangle on input line 138.
LaTeX Font Info:    Redeclaring math symbol \varpropto on input line 139.
LaTeX Font Info:    Redeclaring math symbol \smallsmile on input line 140.
LaTeX Font Info:    Redeclaring math symbol \smallfrown on input line 141.
LaTeX Font Info:    Redeclaring math symbol \Subset on input line 142.
LaTeX Font Info:    Redeclaring math symbol \Supset on input line 143.
LaTeX Font Info:    Redeclaring math symbol \Cup on input line 144.
LaTeX Font Info:    Redeclaring math symbol \Cap on input line 146.
LaTeX Font Info:    Redeclaring math symbol \curlywedge on input line 148.
LaTeX Font Info:    Redeclaring math symbol \curlyvee on input line 149.
LaTeX Font Info:    Redeclaring math symbol \leftthreetimes on input line 150.
LaTeX Font Info:    Redeclaring math symbol \rightthreetimes on input line 151.

LaTeX Font Info:    Redeclaring math symbol \subseteqq on input line 152.
LaTeX Font Info:    Redeclaring math symbol \supseteqq on input line 153.
LaTeX Font Info:    Redeclaring math symbol \bumpeq on input line 154.
LaTeX Font Info:    Redeclaring math symbol \Bumpeq on input line 155.
LaTeX Font Info:    Redeclaring math symbol \lll on input line 156.
LaTeX Font Info:    Redeclaring math symbol \ggg on input line 158.
LaTeX Font Info:    Redeclaring math symbol \circledS on input line 160.
LaTeX Font Info:    Redeclaring math symbol \pitchfork on input line 161.
LaTeX Font Info:    Redeclaring math symbol \dotplus on input line 162.
LaTeX Font Info:    Redeclaring math symbol \backsim on input line 163.
LaTeX Font Info:    Redeclaring math symbol \backsimeq on input line 164.
LaTeX Font Info:    Redeclaring math symbol \complement on input line 165.
LaTeX Font Info:    Redeclaring math symbol \intercal on input line 166.
LaTeX Font Info:    Redeclaring math symbol \circledcirc on input line 167.
LaTeX Font Info:    Redeclaring math symbol \circledast on input line 168.
LaTeX Font Info:    Redeclaring math symbol \circleddash on input line 169.
LaTeX Font Info:    Redeclaring math symbol \lvertneqq on input line 171.
LaTeX Font Info:    Redeclaring math symbol \gvertneqq on input line 172.
LaTeX Font Info:    Redeclaring math symbol \nleq on input line 173.
LaTeX Font Info:    Redeclaring math symbol \ngeq on input line 174.
LaTeX Font Info:    Redeclaring math symbol \nless on input line 175.
LaTeX Font Info:    Redeclaring math symbol \ngtr on input line 176.
LaTeX Font Info:    Redeclaring math symbol \nprec on input line 177.
LaTeX Font Info:    Redeclaring math symbol \nsucc on input line 178.
LaTeX Font Info:    Redeclaring math symbol \lneqq on input line 179.
LaTeX Font Info:    Redeclaring math symbol \gneqq on input line 180.
LaTeX Font Info:    Redeclaring math symbol \nleqslant on input line 181.
LaTeX Font Info:    Redeclaring math symbol \ngeqslant on input line 182.
LaTeX Font Info:    Redeclaring math symbol \lneq on input line 183.
LaTeX Font Info:    Redeclaring math symbol \gneq on input line 184.
LaTeX Font Info:    Redeclaring math symbol \npreceq on input line 185.
LaTeX Font Info:    Redeclaring math symbol \nsucceq on input line 186.
LaTeX Font Info:    Redeclaring math symbol \precnsim on input line 187.
LaTeX Font Info:    Redeclaring math symbol \succnsim on input line 188.
LaTeX Font Info:    Redeclaring math symbol \lnsim on input line 189.
LaTeX Font Info:    Redeclaring math symbol \gnsim on input line 190.
LaTeX Font Info:    Redeclaring math symbol \nleqq on input line 191.
LaTeX Font Info:    Redeclaring math symbol \ngeqq on input line 192.
LaTeX Font Info:    Redeclaring math symbol \precneqq on input line 193.
LaTeX Font Info:    Redeclaring math symbol \succneqq on input line 194.
LaTeX Font Info:    Redeclaring math symbol \precnapprox on input line 195.
LaTeX Font Info:    Redeclaring math symbol \succnapprox on input line 196.
LaTeX Font Info:    Redeclaring math symbol \lnapprox on input line 197.
LaTeX Font Info:    Redeclaring math symbol \gnapprox on input line 198.
LaTeX Font Info:    Redeclaring math symbol \nsim on input line 199.
LaTeX Font Info:    Redeclaring math symbol \ncong on input line 200.
LaTeX Font Info:    Redeclaring math symbol \diagup on input line 201.
LaTeX Font Info:    Redeclaring math symbol \diagdown on input line 202.
LaTeX Font Info:    Redeclaring math symbol \varsubsetneq on input line 203.
LaTeX Font Info:    Redeclaring math symbol \varsupsetneq on input line 204.
LaTeX Font Info:    Redeclaring math symbol \nsubseteqq on input line 205.
LaTeX Font Info:    Redeclaring math symbol \nsupseteqq on input line 206.
LaTeX Font Info:    Redeclaring math symbol \subsetneqq on input line 207.
LaTeX Font Info:    Redeclaring math symbol \supsetneqq on input line 208.
LaTeX Font Info:    Redeclaring math symbol \varsubsetneqq on input line 209.
LaTeX Font Info:    Redeclaring math symbol \varsupsetneqq on input line 210.
LaTeX Font Info:    Redeclaring math symbol \subsetneq on input line 211.
LaTeX Font Info:    Redeclaring math symbol \supsetneq on input line 212.
LaTeX Font Info:    Redeclaring math symbol \nsubseteq on input line 213.
LaTeX Font Info:    Redeclaring math symbol \nsupseteq on input line 214.
LaTeX Font Info:    Redeclaring math symbol \nparallel on input line 215.
LaTeX Font Info:    Redeclaring math symbol \nmid on input line 216.
LaTeX Font Info:    Redeclaring math symbol \nshortmid on input line 217.
LaTeX Font Info:    Redeclaring math symbol \nshortparallel on input line 218.
LaTeX Font Info:    Redeclaring math symbol \nvdash on input line 219.
LaTeX Font Info:    Redeclaring math symbol \nVdash on input line 220.
LaTeX Font Info:    Redeclaring math symbol \nvDash on input line 221.
LaTeX Font Info:    Redeclaring math symbol \nVDash on input line 222.
LaTeX Font Info:    Redeclaring math symbol \ntrianglerighteq on input line 223
.
LaTeX Font Info:    Redeclaring math symbol \ntrianglelefteq on input line 224.

LaTeX Font Info:    Redeclaring math symbol \ntriangleleft on input line 225.
LaTeX Font Info:    Redeclaring math symbol \ntriangleright on input line 226.
LaTeX Font Info:    Redeclaring math symbol \nleftarrow on input line 227.
LaTeX Font Info:    Redeclaring math symbol \nrightarrow on input line 228.
LaTeX Font Info:    Redeclaring math symbol \nLeftarrow on input line 229.
LaTeX Font Info:    Redeclaring math symbol \nRightarrow on input line 230.
LaTeX Font Info:    Redeclaring math symbol \nLeftrightarrow on input line 231.

LaTeX Font Info:    Redeclaring math symbol \nleftrightarrow on input line 232.

LaTeX Font Info:    Redeclaring math symbol \divideontimes on input line 233.
LaTeX Font Info:    Redeclaring math symbol \varnothing on input line 234.
LaTeX Font Info:    Redeclaring math symbol \nexists on input line 235.
LaTeX Font Info:    Redeclaring math symbol \Finv on input line 236.
LaTeX Font Info:    Redeclaring math symbol \Game on input line 237.
LaTeX Font Info:    Redeclaring math symbol \eth on input line 240.
LaTeX Font Info:    Redeclaring math symbol \eqsim on input line 241.
LaTeX Font Info:    Redeclaring math symbol \beth on input line 242.
LaTeX Font Info:    Redeclaring math symbol \gimel on input line 243.
LaTeX Font Info:    Redeclaring math symbol \daleth on input line 244.
LaTeX Font Info:    Redeclaring math symbol \lessdot on input line 245.
LaTeX Font Info:    Redeclaring math symbol \gtrdot on input line 246.
LaTeX Font Info:    Redeclaring math symbol \ltimes on input line 247.
LaTeX Font Info:    Redeclaring math symbol \rtimes on input line 248.
LaTeX Font Info:    Redeclaring math symbol \shortmid on input line 249.
LaTeX Font Info:    Redeclaring math symbol \shortparallel on input line 250.
LaTeX Font Info:    Redeclaring math symbol \smallsetminus on input line 251.
LaTeX Font Info:    Redeclaring math symbol \thicksim on input line 252.
LaTeX Font Info:    Redeclaring math symbol \thickapprox on input line 253.
LaTeX Font Info:    Redeclaring math symbol \approxeq on input line 254.
LaTeX Font Info:    Redeclaring math symbol \succapprox on input line 255.
LaTeX Font Info:    Redeclaring math symbol \precapprox on input line 256.
LaTeX Font Info:    Redeclaring math symbol \curvearrowleft on input line 257.
LaTeX Font Info:    Redeclaring math symbol \curvearrowright on input line 258.

LaTeX Font Info:    Redeclaring math symbol \digamma on input line 259.
LaTeX Font Info:    Redeclaring math symbol \varkappa on input line 260.
LaTeX Font Info:    Redeclaring math symbol \Bbbk on input line 261.
LaTeX Font Info:    Redeclaring math symbol \hslash on input line 262.
LaTeX Font Info:    Redeclaring math symbol \backepsilon on input line 265.
)
(/usr/share/texmf-dist/tex/generic/soul/soul.sty
Package: soul 2003/11/17 v2.4 letterspacing/underlining (mf)
\SOUL@word=\toks24
\SOUL@lasttoken=\toks25
\SOUL@cmds=\toks26
\SOUL@buffer=\toks27
\SOUL@token=\toks28
\SOUL@spaceskip=\skip57
\SOUL@ttwidth=\dimen163
\SOUL@uldp=\dimen164
\SOUL@ulht=\dimen165
)
(/usr/share/texmf-dist/tex/latex/tools/enumerate.sty
Package: enumerate 2015/07/23 v3.00 enumerate extensions (DPC)
\@enLab=\toks29
)
(/usr/share/texmf-dist/tex/latex/tools/dcolumn.sty
Package: dcolumn 2014/10/28 v1.06 decimal alignment package (DPC)

(/usr/share/texmf-dist/tex/latex/tools/array.sty
Package: array 2020/10/01 v2.5c Tabular extension package (FMi)
\col@sep=\dimen166
\ar@mcellbox=\box55
\extrarowheight=\dimen167
\NC@list=\toks30
\extratabsurround=\skip58
\backup@length=\skip59
\ar@cellbox=\box56
))
(/usr/share/texmf-dist/tex/latex/tools/bm.sty
Package: bm 2019/07/24 v1.2d Bold Symbol Support (DPC/FMi)
\symboldoperators=\mathgroup10
\symboldletters=\mathgroup11
\symboldsymbols=\mathgroup12
\symboldlargesymbols=\mathgroup13
LaTeX Font Info:    Redeclaring math alphabet \mathbf on input line 141.
LaTeX Info: Redefining \bm on input line 209.
)
(/usr/share/texmf-dist/tex/latex/graphics/color.sty
Package: color 2020/02/24 v1.2b Standard LaTeX Color (DPC)

(/usr/share/texmf-dist/tex/latex/graphics-cfg/color.cfg
File: color.cfg 2016/01/02 v1.6 sample color configuration
)
Package color Info: Driver file: pdftex.def on input line 147.
)
(/usr/share/texmf-dist/tex/latex/epstopdf-pkg/epstopdf.sty
Package: epstopdf 2020-01-24 v2.11 Conversion with epstopdf on the fly (HO)

(/usr/share/texmf-dist/tex/generic/infwarerr/infwarerr.sty
Package: infwarerr 2019/12/03 v1.5 Providing info/warning/error messages (HO)
)
(/usr/share/texmf-dist/tex/latex/grfext/grfext.sty
Package: grfext 2019/12/03 v1.3 Manage graphics extensions (HO)

(/usr/share/texmf-dist/tex/generic/kvdefinekeys/kvdefinekeys.sty
Package: kvdefinekeys 2019-12-19 v1.6 Define keys (HO)
))
(/usr/share/texmf-dist/tex/latex/kvoptions/kvoptions.sty
Package: kvoptions 2020-10-07 v3.14 Key value format for package options (HO)

(/usr/share/texmf-dist/tex/generic/ltxcmds/ltxcmds.sty
Package: ltxcmds 2020-05-10 v1.25 LaTeX kernel commands for general use (HO)
)
(/usr/share/texmf-dist/tex/generic/kvsetkeys/kvsetkeys.sty
Package: kvsetkeys 2019/12/15 v1.18 Key value parser (HO)
))
(/usr/share/texmf-dist/tex/generic/pdftexcmds/pdftexcmds.sty
Package: pdftexcmds 2020-06-27 v0.33 Utility functions of pdfTeX for LuaTeX (HO
)
Package pdftexcmds Info: \pdf@primitive is available.
Package pdftexcmds Info: \pdf@ifprimitive is available.
Package pdftexcmds Info: \pdfdraftmode found.
)
(/usr/share/texmf-dist/tex/latex/epstopdf-pkg/epstopdf-base.sty
Package: epstopdf-base 2020-01-24 v2.11 Base part for package epstopdf
Package epstopdf-base Info: Redefining graphics rule for `.eps' on input line 4
85.
Package grfext Info: Graphics extension search list:
(grfext)             [.pdf,.png,.jpg,.mps,.jpeg,.jbig2,.jb2,.PDF,.PNG,.JPG,.JPE
G,.JBIG2,.JB2,.eps]
(grfext)             \AppendGraphicsExtensions on input line 504.

(/usr/share/texmf-dist/tex/latex/latexconfig/epstopdf-sys.cfg
File: epstopdf-sys.cfg 2010/07/13 v1.3 Configuration of (r)epstopdf for TeX Liv
e
)))
(/usr/share/texmf-dist/tex/latex/caption/subcaption.sty
Package: subcaption 2020/10/07 v1.3j Sub-captions (AR)

(/usr/share/texmf-dist/tex/latex/caption/caption.sty
Package: caption 2020/10/26 v3.5g Customizing captions (AR)

(/usr/share/texmf-dist/tex/latex/caption/caption3.sty
Package: caption3 2020/10/21 v2.2e caption3 kernel (AR)
\captionmargin=\dimen168
\captionmargin@=\dimen169
\captionwidth=\dimen170
\caption@tempdima=\dimen171
\caption@indent=\dimen172
\caption@parindent=\dimen173
\caption@hangindent=\dimen174
Package caption Info: elsarticle document class detected.

(/usr/share/texmf-dist/tex/latex/caption/caption-elsarticle.sto
File: caption-elsarticle.sto 2020/08/22 v2.0 Adaption of the caption package to
 the elsarticle document class (AR)
))
\c@caption@flags=\count273
\c@continuedfloat=\count274
)
\c@subfigure=\count275
\c@subtable=\count276
)
(/usr/share/texmf-dist/tex/latex/url/url.sty
\Urlmuskip=\muskip17
Package: url 2013/09/16  ver 3.4  Verb mode for urls, etc.
)
LaTeX Font Info:    Trying to load font information for OT1+txr on input line 2
6.

(/usr/share/texmf-dist/tex/latex/txfonts/ot1txr.fd
File: ot1txr.fd 2000/12/15 v3.1
)
(/usr/share/texmf-dist/tex/latex/l3backend/l3backend-pdftex.def
File: l3backend-pdftex.def 2020-09-24 L3 backend support: PDF output (pdfTeX)
\l__kernel_color_stack_int=\count277
\l__pdf_internal_box=\box57
)
(./RICH-NIM-paper.aux (./introduction.aux) (./laser_stand.aux)
(./pavel_model.aux) (./measurements.aux) (./maroc_calibration.aux)
(./cross_talk.aux) (./results.aux) (./conclusion.aux))
LaTeX Font Info:    Checking defaults for OML/txmi/m/it on input line 26.
LaTeX Font Info:    Trying to load font information for OML+txmi on input line 
26.

(/usr/share/texmf-dist/tex/latex/txfonts/omltxmi.fd
File: omltxmi.fd 2000/12/15 v3.1
)
LaTeX Font Info:    ... okay on input line 26.
LaTeX Font Info:    Checking defaults for OMS/txsy/m/n on input line 26.
LaTeX Font Info:    Trying to load font information for OMS+txsy on input line 
26.

(/usr/share/texmf-dist/tex/latex/txfonts/omstxsy.fd
File: omstxsy.fd 2000/12/15 v3.1
)
LaTeX Font Info:    ... okay on input line 26.
LaTeX Font Info:    Checking defaults for OT1/cmr/m/n on input line 26.
LaTeX Font Info:    ... okay on input line 26.
LaTeX Font Info:    Checking defaults for T1/cmr/m/n on input line 26.
LaTeX Font Info:    ... okay on input line 26.
LaTeX Font Info:    Checking defaults for TS1/cmr/m/n on input line 26.
LaTeX Font Info:    ... okay on input line 26.
LaTeX Font Info:    Checking defaults for OMX/txex/m/n on input line 26.
LaTeX Font Info:    Trying to load font information for OMX+txex on input line 
26.

(/usr/share/texmf-dist/tex/latex/txfonts/omxtxex.fd
File: omxtxex.fd 2000/12/15 v3.1
)
LaTeX Font Info:    ... okay on input line 26.
LaTeX Font Info:    Checking defaults for U/txexa/m/n on input line 26.
LaTeX Font Info:    Trying to load font information for U+txexa on input line 2
6.

(/usr/share/texmf-dist/tex/latex/txfonts/utxexa.fd
File: utxexa.fd 2000/12/15 v3.1
)
LaTeX Font Info:    ... okay on input line 26.

(/usr/share/texmf-dist/tex/context/base/mkii/supp-pdf.mkii
[Loading MPS to PDF converter (version 2006.09.02).]
\scratchcounter=\count278
\scratchdimen=\dimen175
\scratchbox=\box58
\nofMPsegments=\count279
\nofMParguments=\count280
\everyMPshowfont=\toks31
\MPscratchCnt=\count281
\MPscratchDim=\dimen176
\MPnumerator=\count282
\makeMPintoPDFobject=\count283
\everyMPtoPDFconversion=\toks32
)
*geometry* driver: auto-detecting
*geometry* detected driver: pdftex
*geometry* verbose mode - [ preamble ] result:
* driver: pdftex
* paper: custom
* layout: <same size as paper>
* layoutoffset:(h,v)=(0.0pt,0.0pt)
* hratio: 1:1
* vratio: 1:1
* modes: 
* h-part:(L,W,R)=(37.75394pt, 522.0pt, 37.75394pt)
* v-part:(T,H,B)=(81.52342pt, 682.0pt, 81.52342pt)
* \paperwidth=597.50787pt
* \paperheight=845.04684pt
* \textwidth=522.0pt
* \textheight=682.0pt
* \oddsidemargin=-34.51605pt
* \evensidemargin=-34.51605pt
* \topmargin=-52.74657pt
* \headheight=50.0pt
* \headsep=12.0pt
* \topskip=10.0pt
* \footskip=18.0pt
* \marginparwidth=65.0pt
* \marginparsep=11.0pt
* \columnsep=18.0pt
* \skip\footins=24.0pt plus 2.0pt minus 12.0pt
* \hoffset=0.0pt
* \voffset=0.0pt
* \mag=1000
* \@twocolumntrue
* \@twosidefalse
* \@mparswitchfalse
* \@reversemarginfalse
* (1in=72.27pt=25.4mm, 1cm=28.453pt)

Package caption Info: Begin \AtBeginDocument code.
Package caption Info: End \AtBeginDocument code.
LaTeX Font Info:    Font shape `OT1/txr/b/n' in size <10> not available
(Font)              Font shape `OT1/txr/bx/n' tried instead on input line 44.
LaTeX Font Info:    Trying to load font information for U+txmia on input line 5
7.
(/usr/share/texmf-dist/tex/latex/txfonts/utxmia.fd
File: utxmia.fd 2000/12/15 v3.1
)
LaTeX Font Info:    Trying to load font information for U+msa on input line 57.


(/usr/share/texmf-dist/tex/latex/amsfonts/umsa.fd
File: umsa.fd 2013/01/14 v3.01 AMS symbols A
)
LaTeX Font Info:    Trying to load font information for U+msb on input line 57.


(/usr/share/texmf-dist/tex/latex/amsfonts/umsb.fd
File: umsb.fd 2013/01/14 v3.01 AMS symbols B
)
LaTeX Font Info:    Trying to load font information for U+txsyc on input line 5
7.

(/usr/share/texmf-dist/tex/latex/txfonts/utxsyc.fd
File: utxsyc.fd 2000/12/15 v3.1
)
Overfull \hbox (1.90001pt too wide) has occurred while \output is active
[] 
 []

[1{/var/lib/texmf/fonts/map/pdftex/updmap/pdftex.map}



]
(/home/kenjo/Downloads/RICH-NIM-paper/introduction.tex
<figures/RICHdetector.pdf, id=13, 1149.09305pt x 1310.49597pt>
File: figures/RICHdetector.pdf Graphic file (type pdf)
<use figures/RICHdetector.pdf>
Package pdftex.def Info: figures/RICHdetector.pdf  used on input line 6.
(pdftex.def)             Requested size: 176.39923pt x 201.16512pt.
<figures/RICHpanel_front.png, id=14, 723.06136pt x 406.1574pt>
File: figures/RICHpanel_front.png Graphic file (type png)
<use figures/RICHpanel_front.png>
Package pdftex.def Info: figures/RICHpanel_front.png  used on input line 7.
(pdftex.def)             Requested size: 176.39923pt x 99.0849pt.
) [2

 </home/kenjo/Downloads/RICH-NIM-paper/figures/RICHdetector.pdf> </home/kenjo/D
ownloads/RICH-NIM-paper/figures/RICHpanel_front.png>]
(/home/kenjo/Downloads/RICH-NIM-paper/laser_stand.tex
<figures/blackbox.png, id=36, 830.35219pt x 549.55313pt>
File: figures/blackbox.png Graphic file (type png)
<use figures/blackbox.png>
Package pdftex.def Info: figures/blackbox.png  used on input line 8.
(pdftex.def)             Requested size: 226.79846pt x 150.10036pt.
<figures/beamspot.pdf, id=37, 315.64249pt x 159.02599pt>
File: figures/beamspot.pdf Graphic file (type pdf)
<use figures/beamspot.pdf>
Package pdftex.def Info: figures/beamspot.pdf  used on input line 23.
(pdftex.def)             Requested size: 158.2575pt x 79.73117pt.
<figures/beamsquare.pdf, id=38, 180.94563pt x 161.87183pt>
File: figures/beamsquare.pdf Graphic file (type pdf)
<use figures/beamsquare.pdf>
Package pdftex.def Info: figures/beamsquare.pdf  used on input line 28.
(pdftex.def)             Requested size: 89.20898pt x 79.80693pt.
<figures/surfaceuniform1.pdf, id=39, 319.23471pt x 281.56505pt>
File: figures/surfaceuniform1.pdf Graphic file (type pdf)
<use figures/surfaceuniform1.pdf>
Package pdftex.def Info: figures/surfaceuniform1.pdf  used on input line 40.
(pdftex.def)             Requested size: 75.60077pt x 66.67905pt.

Underfull \hbox (badness 1087) in paragraph at lines 41--41
\OT1/txr/m/n/7 chan-nel dyn-odes and fo-
 []

<figures/surfaceuniform3.pdf, id=40, 282.62445pt x 262.82391pt>
File: figures/surfaceuniform3.pdf Graphic file (type pdf)
<use figures/surfaceuniform3.pdf>
Package pdftex.def Info: figures/surfaceuniform3.pdf  used on input line 46.
(pdftex.def)             Requested size: 75.60077pt x 70.3057pt.
<figures/surfaceuniform2.pdf, id=41, 281.34024pt x 261.15886pt>
File: figures/surfaceuniform2.pdf Graphic file (type pdf)
<use figures/surfaceuniform2.pdf>
Package pdftex.def Info: figures/surfaceuniform2.pdf  used on input line 52.
(pdftex.def)             Requested size: 75.60077pt x 70.17511pt.

Overfull \hbox (10.11949pt too wide) in paragraph at lines 61--68
[]\OT1/txr/m/n/10 Before start-ing the sys-tem-atic study of the MAPMT re-spons
es,
 []

[3



 </home/kenjo/Downloads/RICH-NIM-paper/figures/blackbox.png> </home/kenjo/Downl
oads/RICH-NIM-paper/figures/beamspot.pdf> </home/kenjo/Downloads/RICH-NIM-paper
/figures/beamsquare.pdf

pdfTeX warning: pdflatex (file /home/kenjo/Downloads/RICH-NIM-paper/figures/bea
msquare.pdf): PDF inclusion: multiple pdfs with page group included in a single
 page
> </home/kenjo/Downloads/RICH-NIM-paper/figures/surfaceuniform1.pdf

pdfTeX warning: pdflatex (file /home/kenjo/Downloads/RICH-NIM-paper/figures/sur
faceuniform1.pdf): PDF inclusion: multiple pdfs with page group included in a s
ingle page
> </home/kenjo/Downloads/RICH-NIM-paper/figures/surfaceuniform3.pdf

pdfTeX warning: pdflatex (file /home/kenjo/Downloads/RICH-NIM-paper/figures/sur
faceuniform3.pdf): PDF inclusion: multiple pdfs with page group included in a s
ingle page
> </home/kenjo/Downloads/RICH-NIM-paper/figures/surfaceuniform2.pdf

pdfTeX warning: pdflatex (file /home/kenjo/Downloads/RICH-NIM-paper/figures/sur
faceuniform2.pdf): PDF inclusion: multiple pdfs with page group included in a s
ingle page
>]
<figures/fe1.pdf, id=118, 690.33733pt x 482.80376pt>
File: figures/fe1.pdf Graphic file (type pdf)
<use figures/fe1.pdf>
Package pdftex.def Info: figures/fe1.pdf  used on input line 85.
(pdftex.def)             Requested size: 226.79846pt x 158.6185pt.
<figures/frontendPMT.pdf, id=119, 1971.365pt x 1240.635pt>
File: figures/frontendPMT.pdf Graphic file (type pdf)
<use figures/frontendPMT.pdf>
Package pdftex.def Info: figures/frontendPMT.pdf  used on input line 86.
(pdftex.def)             Requested size: 226.79846pt x 142.71735pt.

Overfull \hbox (0.15947pt too wide) in paragraph at lines 91--96
[]\OT1/txr/m/n/10 The MAROC chip con-sists of 64 in-de-pen-dent chan-nels. The
 []


LaTeX Warning: Reference `fig:FEpics' on page 4 undefined on input line 104.


Overfull \hbox (1.58008pt too wide) in paragraph at lines 101--107
\OT1/txr/m/n/10 sin-gle chan-nel ad-justable pream-pli-fier, con-fig-urable sig
-nal shap-
 []

LaTeX Font Info:    Trying to load font information for TS1+txr on input line 1
07.
(/usr/share/texmf-dist/tex/latex/txfonts/ts1txr.fd
File: ts1txr.fd 2000/12/15 v3.1
)
Overfull \hbox (1.39008pt too wide) in paragraph at lines 114--125
[]\OT1/txr/m/n/10 The pre-lim-i-nary mea-sure-ments with in-ter-nal on-board ch
arge
 []


Overfull \hbox (4.04008pt too wide) in paragraph at lines 114--125
\OT1/txr/m/n/10 sure-ments of cus-tom front-end elec-tron-ics to-gether with in
-stalled
 []


Overfull \hbox (4.36008pt too wide) in paragraph at lines 126--133
[]\OT1/txr/m/n/10 The planned mea-sure-ments will group in-di-vid-ual boards wi
th
 []

[4 </home/kenjo/Downloads/RICH-NIM-paper/figures/fe1.pdf> </home/kenjo/Download
s/RICH-NIM-paper/figures/frontendPMT.pdf>]
<figures/LaserSetup.jpg, id=136, 4111.36pt x 2312.64pt>
File: figures/LaserSetup.jpg Graphic file (type jpg)
<use figures/LaserSetup.jpg>
Package pdftex.def Info: figures/LaserSetup.jpg  used on input line 136.
(pdftex.def)             Requested size: 226.79846pt x 127.56612pt.
<figures/SlowWaveForm_MAROC.pdf, id=137, 1317.97975pt x 798.38252pt>
File: figures/SlowWaveForm_MAROC.pdf Graphic file (type pdf)
<use figures/SlowWaveForm_MAROC.pdf>
Package pdftex.def Info: figures/SlowWaveForm_MAROC.pdf  used on input line 166
.
(pdftex.def)             Requested size: 123.48138pt x 74.79944pt.
<figures/SlowWaveForm_RICH.pdf, id=138, 541.52208pt x 358.49644pt>
File: figures/SlowWaveForm_RICH.pdf Graphic file (type pdf)
<use figures/SlowWaveForm_RICH.pdf>
Package pdftex.def Info: figures/SlowWaveForm_RICH.pdf  used on input line 171.

(pdftex.def)             Requested size: 123.48138pt x 81.74678pt.
<figures/FastShaper_MAROC.pdf, id=139, 812.43257pt x 268.65472pt>
File: figures/FastShaper_MAROC.pdf Graphic file (type pdf)
<use figures/FastShaper_MAROC.pdf>
Package pdftex.def Info: figures/FastShaper_MAROC.pdf  used on input line 184.
(pdftex.def)             Requested size: 226.79846pt x 74.99733pt.
<figures/FastWaveForm_RICH.pdf, id=140, 506.32191pt x 365.20271pt>
File: figures/FastWaveForm_RICH.pdf Graphic file (type pdf)
<use figures/FastWaveForm_RICH.pdf>
Package pdftex.def Info: figures/FastWaveForm_RICH.pdf  used on input line 189.

(pdftex.def)             Requested size: 151.20154pt x 109.06012pt.
)
Overfull \hbox (13.98006pt too wide) in paragraph at lines 209--62
[]\OT1/txr/m/n/10 Preliminary mea-sure-ments of MAROC3 and MAPMTs demon-
 []


Overfull \hbox (3.35005pt too wide) in paragraph at lines 209--62
\OT1/txr/m/n/10 prove our MAPMTs mea-sure-ments and their un-der-stand-ing. The

 []

[5 </home/kenjo/Downloads/RICH-NIM-paper/figures/LaserSetup.jpg> </home/kenjo/D
ownloads/RICH-NIM-paper/figures/SlowWaveForm_MAROC.pdf> </home/kenjo/Downloads/
RICH-NIM-paper/figures/SlowWaveForm_RICH.pdf

pdfTeX warning: pdflatex (file /home/kenjo/Downloads/RICH-NIM-paper/figures/Slo
wWaveForm_RICH.pdf): PDF inclusion: multiple pdfs with page group included in a
 single page
> </home/kenjo/Downloads/RICH-NIM-paper/figures/FastShaper_MAROC.pdf

pdfTeX warning: pdflatex (file /home/kenjo/Downloads/RICH-NIM-paper/figures/Fas
tShaper_MAROC.pdf): PDF inclusion: multiple pdfs with page group included in a 
single page
> </home/kenjo/Downloads/RICH-NIM-paper/figures/FastWaveForm_RICH.pdf

pdfTeX warning: pdflatex (file /home/kenjo/Downloads/RICH-NIM-paper/figures/Fas
tWaveForm_RICH.pdf): PDF inclusion: multiple pdfs with page group included in a
 single page
>] (/home/kenjo/Downloads/RICH-NIM-paper/pavel_model.tex
Overfull \hbox (4.20001pt too wide) in paragraph at lines 5--11
\OT1/txr/m/n/10 H12700 MAPMTs from Hama-matsu. Con-se-quently, Pavel Degt-
 []

<figures/SPEfit.pdf, id=306, 438.41777pt x 331.18086pt>
File: figures/SPEfit.pdf Graphic file (type pdf)
<use figures/SPEfit.pdf>
Package pdftex.def Info: figures/SPEfit.pdf  used on input line 14.
(pdftex.def)             Requested size: 252.0pt x 190.36182pt.
<figures/PavelPassport.pdf, id=307, 812.81659pt x 218.14323pt>
File: figures/PavelPassport.pdf Graphic file (type pdf)
<use figures/PavelPassport.pdf>
Package pdftex.def Info: figures/PavelPassport.pdf  used on input line 26.
(pdftex.def)             Requested size: 252.0pt x 67.63036pt.
) [6



 </home/kenjo/Downloads/RICH-NIM-paper/figures/SPEfit.pdf> </home/kenjo/Downloa
ds/RICH-NIM-paper/figures/PavelPassport.pdf

pdfTeX warning: pdflatex (file /home/kenjo/Downloads/RICH-NIM-paper/figures/Pav
elPassport.pdf): PDF inclusion: multiple pdfs with page group included in a sin
gle page
>] (/home/kenjo/Downloads/RICH-NIM-paper/measurements.tex
<figures/SPEhv.pdf, id=395, 250.72835pt x 212.33206pt>
File: figures/SPEhv.pdf Graphic file (type pdf)
<use figures/SPEhv.pdf>
Package pdftex.def Info: figures/SPEhv.pdf  used on input line 14.
(pdftex.def)             Requested size: 201.60077pt x 170.73093pt.

Overfull \hbox (1.37009pt too wide) in paragraph at lines 21--28
\OT1/txr/m/n/10 the ef-fi-cien-cies at 1100v and 1000v, while higher gain MAPMT
s
 []

<figures/effratio.pdf, id=396, 361.18903pt x 235.13693pt>
File: figures/effratio.pdf Graphic file (type pdf)
<use figures/effratio.pdf>
Package pdftex.def Info: figures/effratio.pdf  used on input line 32.
(pdftex.def)             Requested size: 201.60077pt x 131.24164pt.
<figures/mu.pdf, id=397, 569.12625pt x 386.44376pt>
File: figures/mu.pdf Graphic file (type pdf)
<use figures/mu.pdf>
Package pdftex.def Info: figures/mu.pdf  used on input line 45.
(pdftex.def)             Requested size: 201.60077pt x 136.8907pt.
[7



 </home/kenjo/Downloads/RICH-NIM-paper/figures/SPEhv.pdf> </home/kenjo/Download
s/RICH-NIM-paper/figures/effratio.pdf

pdfTeX warning: pdflatex (file /home/kenjo/Downloads/RICH-NIM-paper/figures/eff
ratio.pdf): PDF inclusion: multiple pdfs with page group included in a single p
age
> </home/kenjo/Downloads/RICH-NIM-paper/figures/mu.pdf, page is rotated 90 degr
ees>]
<figures/nu.pdf, id=641, 519.30676pt x 357.68123pt>
File: figures/nu.pdf Graphic file (type pdf)
<use figures/nu.pdf>
Package pdftex.def Info: figures/nu.pdf  used on input line 65.
(pdftex.def)             Requested size: 120.95892pt x 83.30737pt.
<figures/scale.pdf, id=642, 530.61954pt x 362.8908pt>
File: figures/scale.pdf Graphic file (type pdf)
<use figures/scale.pdf>
Package pdftex.def Info: figures/scale.pdf  used on input line 71.
(pdftex.def)             Requested size: 120.95892pt x 82.72113pt.

Underfull \hbox (badness 1097) in paragraph at lines 78--78
[]\OT1/txr/m/n/8 Figure 14: |Char-ac-ter-is-tic pa-ram-e-ters of sin-gle pho-to
-elec-tron sig-nal dis-
 []

) [8

 </home/kenjo/Downloads/RICH-NIM-paper/figures/nu.pdf> </home/kenjo/Downloads/R
ICH-NIM-paper/figures/scale.pdf

pdfTeX warning: pdflatex (file /home/kenjo/Downloads/RICH-NIM-paper/figures/sca
le.pdf): PDF inclusion: multiple pdfs with page group included in a single page

>] (/home/kenjo/Downloads/RICH-NIM-paper/maroc_calibration.tex
Overfull \hbox (6.61948pt too wide) in paragraph at lines 3--4
\OT1/txr/m/n/10 slow shaper sig-nal from ADC chan-nels into charge. The MAROC
 []

<figures/adc_v_charge.png, id=650, 800.9925pt x 576.1525pt>
File: figures/adc_v_charge.png Graphic file (type png)
<use figures/adc_v_charge.png>
Package pdftex.def Info: figures/adc_v_charge.png  used on input line 7.
(pdftex.def)             Requested size: 252.0pt x 181.2604pt.

Overfull \hbox (6.03952pt too wide) in paragraph at lines 12--13
\OT1/txr/m/n/10 mates of the charge as a func-tion of ADC chan-nels. The quadra
tic
 []

<figures/GA0982_w1_g064_v1100_063_adc.png, id=651, 800.9925pt x 375.4025pt>
File: figures/GA0982_w1_g064_v1100_063_adc.png Graphic file (type png)
<use figures/GA0982_w1_g064_v1100_063_adc.png>
Package pdftex.def Info: figures/GA0982_w1_g064_v1100_063_adc.png  used on inpu
t line 16.
(pdftex.def)             Requested size: 252.0pt x 118.10347pt.
<figures/GA0982_w1_g064_v1100_063_pC.png, id=652, 800.9925pt x 375.4025pt>
File: figures/GA0982_w1_g064_v1100_063_pC.png Graphic file (type png)
<use figures/GA0982_w1_g064_v1100_063_pC.png>
Package pdftex.def Info: figures/GA0982_w1_g064_v1100_063_pC.png  used on input
 line 17.
(pdftex.def)             Requested size: 252.0pt x 118.10347pt.
<figures/CA7811_w1_g064_v1100_056_adc.png, id=653, 800.9925pt x 375.4025pt>
File: figures/CA7811_w1_g064_v1100_056_adc.png Graphic file (type png)
<use figures/CA7811_w1_g064_v1100_056_adc.png>
Package pdftex.def Info: figures/CA7811_w1_g064_v1100_056_adc.png  used on inpu
t line 24.
(pdftex.def)             Requested size: 252.0pt x 118.10347pt.
<figures/CA7811_w1_g064_v1100_056_pC.png, id=654, 800.9925pt x 375.4025pt>
File: figures/CA7811_w1_g064_v1100_056_pC.png Graphic file (type png)
<use figures/CA7811_w1_g064_v1100_056_pC.png>
Package pdftex.def Info: figures/CA7811_w1_g064_v1100_056_pC.png  used on input
 line 25.
(pdftex.def)             Requested size: 252.0pt x 118.10347pt.
) [9



 </home/kenjo/Downloads/RICH-NIM-paper/figures/adc_v_charge.png> </home/kenjo/D
ownloads/RICH-NIM-paper/figures/GA0982_w1_g064_v1100_063_adc.png> </home/kenjo/
Downloads/RICH-NIM-paper/figures/GA0982_w1_g064_v1100_063_pC.png> </home/kenjo/
Downloads/RICH-NIM-paper/figures/CA7811_w1_g064_v1100_056_adc.png> </home/kenjo
/Downloads/RICH-NIM-paper/figures/CA7811_w1_g064_v1100_056_pC.png>]
(/home/kenjo/Downloads/RICH-NIM-paper/cross_talk.tex
Overfull \hbox (3.9601pt too wide) in paragraph at lines 3--4
[]\OT1/txr/m/n/10 Electronic crosstalk is present in both the H12700 and H8500
 []


Overfull \hbox (3.80006pt too wide) in paragraph at lines 3--4
\OT1/txr/m/n/10 MAPMTs. This is best ob-served by plot-ting the mea-sured charg
e
 []


Overfull \hbox (2.00008pt too wide) in paragraph at lines 3--4
\OT1/txr/m/n/10 in one pixel vs. the mea-sured charge in an ad-ja-cent pixel. F
ig. 18[]
 []

<figures/H12700_ct.png, id=658, 778.40813pt x 730.98094pt>
File: figures/H12700_ct.png Graphic file (type png)
<use figures/H12700_ct.png>
Package pdftex.def Info: figures/H12700_ct.png  used on input line 8.
(pdftex.def)             Requested size: 495.8984pt x 465.69582pt.
<figures/H8500_ct.png, id=659, 776.9025pt x 736.25063pt>
File: figures/H8500_ct.png Graphic file (type png)
<use figures/H8500_ct.png>
Package pdftex.def Info: figures/H8500_ct.png  used on input line 13.
(pdftex.def)             Requested size: 495.8984pt x 469.96303pt.

Overfull \hbox (7.72011pt too wide) in paragraph at lines 19--20
[]\OT1/txr/m/n/10 Because the crosstalk events are eas-ily char-ac-ter-ized as 
sloped
 []

) [10




] [11 </home/kenjo/Downloads/RICH-NIM-paper/figures/H12700_ct.png>]
[12 </home/kenjo/Downloads/RICH-NIM-paper/figures/H8500_ct.png>]
(/home/kenjo/Downloads/RICH-NIM-paper/results.tex) [13





]
(/home/kenjo/Downloads/RICH-NIM-paper/conclusion.tex) [14




]
(./RICH-NIM-paper.bbl
Underfull \hbox (badness 10000) in paragraph at lines 61--65
[]\OT1/txr/m/n/8 Hamamatsu mul-ti-an-ode pmt h12700, (????). $\OT1/cmtt/m/n/8 h
ttps : / / www .
 []


Underfull \hbox (badness 10000) in paragraph at lines 61--65
\OT1/cmtt/m/n/8 hamamatsu . com / resources / pdf / etd / H12700 _ H14220 _
 []


Underfull \hbox (badness 1043) in paragraph at lines 66--76
\OT1/txr/m/n/8 C. Pagliarone, F. Zetti, Yu. Budagov, I. Chirikov-Zorin, S. Toka
r,
 []

) [15



] (./RICH-NIM-paper.aux (./introduction.aux) (./laser_stand.aux)
(./pavel_model.aux) (./measurements.aux) (./maroc_calibration.aux)
(./cross_talk.aux) (./results.aux) (./conclusion.aux))

LaTeX Warning: There were undefined references.

 ) 
Here is how much of TeX's memory you used:
 6803 strings out of 479383
 101357 string characters out of 5875829
 391852 words of memory out of 5000000
 23681 multiletter control sequences out of 15000+600000
 445106 words of font info for 127 fonts, out of 8000000 for 9000
 1141 hyphenation exceptions out of 8191
 80i,9n,85p,1777b,465s stack positions out of 5000i,500n,10000p,200000b,80000s
{/usr/share/texmf-dist/fonts/enc/dvips/base/8r.enc}</usr/share/texmf-dist/fon
ts/type1/public/amsfonts/cm/cmtt8.pfb></usr/share/texmf-dist/fonts/type1/public
/txfonts/rtcxr.pfb></usr/share/texmf-dist/fonts/type1/public/txfonts/rtxi.pfb><
/usr/share/texmf-dist/fonts/type1/public/txfonts/rtxmi.pfb></usr/share/texmf-di
st/fonts/type1/public/txfonts/rtxr.pfb></usr/share/texmf-dist/fonts/type1/publi
c/txfonts/txsy.pfb></usr/share/texmf-dist/fonts/type1/urw/symbol/usyr.pfb></usr
/share/texmf-dist/fonts/type1/urw/times/utmb8a.pfb></usr/share/texmf-dist/fonts
/type1/urw/times/utmr8a.pfb></usr/share/texmf-dist/fonts/type1/urw/times/utmri8
a.pfb>
Output written on RICH-NIM-paper.pdf (15 pages, 13430995 bytes).
PDF statistics:
 713 PDF objects out of 1000 (max. 8388607)
 452 compressed objects within 5 object streams
 0 named destinations out of 1000 (max. 500000)
 146 words of extra memory for PDF output out of 10000 (max. 10000000)

